{"D:\\self-learn\\Golden-Anime(Server)\\app.js": {"path":"D:\\self-learn\\Golden-Anime(Server)\\app.js","statementMap":{"0":{"start":{"line":1,"column":0},"end":{"line":1,"column":26}},"1":{"start":{"line":2,"column":16},"end":{"line":2,"column":34}},"2":{"start":{"line":3,"column":13},"end":{"line":3,"column":28}},"3":{"start":{"line":4,"column":12},"end":{"line":4,"column":21}},"4":{"start":{"line":5,"column":15},"end":{"line":5,"column":34}},"5":{"start":{"line":6,"column":21},"end":{"line":6,"column":58}},"6":{"start":{"line":8,"column":0},"end":{"line":8,"column":15}},"7":{"start":{"line":9,"column":0},"end":{"line":9,"column":23}},"8":{"start":{"line":10,"column":0},"end":{"line":10,"column":48}},"9":{"start":{"line":11,"column":0},"end":{"line":11,"column":15}},"10":{"start":{"line":12,"column":0},"end":{"line":12,"column":21}},"11":{"start":{"line":14,"column":0},"end":{"line":14,"column":20}}},"fnMap":{},"branchMap":{},"s":{"0":1,"1":1,"2":1,"3":1,"4":1,"5":1,"6":1,"7":1,"8":1,"9":1,"10":1,"11":1},"f":{},"b":{},"_coverageSchema":"1a1c01bbd47fc00a2c39e90264f33305004495a9","hash":"9f649717a3b29d446a75615ac1d83c3cd739aeae"}
,"D:\\self-learn\\Golden-Anime(Server)\\controllers\\index.js": {"path":"D:\\self-learn\\Golden-Anime(Server)\\controllers\\index.js","statementMap":{"0":{"start":{"line":1,"column":24},"end":{"line":1,"column":42}},"1":{"start":{"line":2,"column":0},"end":{"line":4,"column":1}}},"fnMap":{},"branchMap":{},"s":{"0":1,"1":1},"f":{},"b":{},"_coverageSchema":"1a1c01bbd47fc00a2c39e90264f33305004495a9","hash":"2443a2931a16f69ecd10271abbab5d5e37587631"}
,"D:\\self-learn\\Golden-Anime(Server)\\controllers\\users.js": {"path":"D:\\self-learn\\Golden-Anime(Server)\\controllers\\users.js","statementMap":{"0":{"start":{"line":1,"column":17},"end":{"line":1,"column":37}},"1":{"start":{"line":2,"column":22},"end":{"line":2,"column":47}},"2":{"start":{"line":3,"column":28},"end":{"line":3,"column":64}},"3":{"start":{"line":4,"column":0},"end":{"line":81,"column":1}},"4":{"start":{"line":6,"column":4},"end":{"line":23,"column":5}},"5":{"start":{"line":13,"column":10},"end":{"line":13,"column":18}},"6":{"start":{"line":14,"column":17},"end":{"line":14,"column":83}},"7":{"start":{"line":15,"column":19},"end":{"line":19,"column":7}},"8":{"start":{"line":20,"column":6},"end":{"line":20,"column":56}},"9":{"start":{"line":22,"column":6},"end":{"line":22,"column":13}},"10":{"start":{"line":27,"column":4},"end":{"line":66,"column":5}},"11":{"start":{"line":28,"column":23},"end":{"line":28,"column":44}},"12":{"start":{"line":29,"column":20},"end":{"line":29,"column":54}},"13":{"start":{"line":29,"column":41},"end":{"line":29,"column":53}},"14":{"start":{"line":31,"column":6},"end":{"line":36,"column":7}},"15":{"start":{"line":32,"column":8},"end":{"line":35,"column":9}},"16":{"start":{"line":34,"column":30},"end":{"line":34,"column":48}},"17":{"start":{"line":38,"column":34},"end":{"line":38,"column":42}},"18":{"start":{"line":39,"column":17},"end":{"line":41,"column":8}},"19":{"start":{"line":43,"column":6},"end":{"line":48,"column":7}},"20":{"start":{"line":44,"column":8},"end":{"line":47,"column":9}},"21":{"start":{"line":50,"column":6},"end":{"line":55,"column":7}},"22":{"start":{"line":51,"column":8},"end":{"line":54,"column":9}},"23":{"start":{"line":57,"column":27},"end":{"line":61,"column":8}},"24":{"start":{"line":63,"column":6},"end":{"line":63,"column":44}},"25":{"start":{"line":65,"column":6},"end":{"line":65,"column":13}},"26":{"start":{"line":70,"column":4},"end":{"line":79,"column":5}},"27":{"start":{"line":71,"column":24},"end":{"line":71,"column":32}},"28":{"start":{"line":72,"column":17},"end":{"line":75,"column":8}},"29":{"start":{"line":76,"column":6},"end":{"line":76,"column":38}},"30":{"start":{"line":78,"column":6},"end":{"line":78,"column":13}}},"fnMap":{"0":{"name":"(anonymous_0)","decl":{"start":{"line":5,"column":2},"end":{"line":5,"column":3}},"loc":{"start":{"line":5,"column":41},"end":{"line":24,"column":3}},"line":5},"1":{"name":"(anonymous_1)","decl":{"start":{"line":26,"column":2},"end":{"line":26,"column":3}},"loc":{"start":{"line":26,"column":38},"end":{"line":67,"column":3}},"line":26},"2":{"name":"(anonymous_2)","decl":{"start":{"line":29,"column":36},"end":{"line":29,"column":37}},"loc":{"start":{"line":29,"column":41},"end":{"line":29,"column":53}},"line":29},"3":{"name":"(anonymous_3)","decl":{"start":{"line":34,"column":25},"end":{"line":34,"column":26}},"loc":{"start":{"line":34,"column":30},"end":{"line":34,"column":48}},"line":34},"4":{"name":"(anonymous_4)","decl":{"start":{"line":69,"column":2},"end":{"line":69,"column":3}},"loc":{"start":{"line":69,"column":43},"end":{"line":80,"column":3}},"line":69}},"branchMap":{"0":{"loc":{"start":{"line":31,"column":6},"end":{"line":36,"column":7}},"type":"if","locations":[{"start":{"line":31,"column":6},"end":{"line":36,"column":7}},{"start":{},"end":{}}],"line":31},"1":{"loc":{"start":{"line":43,"column":6},"end":{"line":48,"column":7}},"type":"if","locations":[{"start":{"line":43,"column":6},"end":{"line":48,"column":7}},{"start":{},"end":{}}],"line":43},"2":{"loc":{"start":{"line":50,"column":6},"end":{"line":55,"column":7}},"type":"if","locations":[{"start":{"line":50,"column":6},"end":{"line":55,"column":7}},{"start":{},"end":{}}],"line":50}},"s":{"0":1,"1":1,"2":1,"3":1,"4":12,"5":12,"6":12,"7":1,"8":1,"9":11,"10":7,"11":7,"12":7,"13":14,"14":7,"15":4,"16":4,"17":3,"18":3,"19":3,"20":1,"21":2,"22":1,"23":1,"24":1,"25":6,"26":1,"27":1,"28":1,"29":1,"30":0},"f":{"0":12,"1":7,"2":14,"3":4,"4":1},"b":{"0":[4,3],"1":[1,2],"2":[1,1]},"_coverageSchema":"1a1c01bbd47fc00a2c39e90264f33305004495a9","hash":"aae98886a2a91998a8613082b19e3051942e09e2"}
,"D:\\self-learn\\Golden-Anime(Server)\\helpers\\jwt.js": {"path":"D:\\self-learn\\Golden-Anime(Server)\\helpers\\jwt.js","statementMap":{"0":{"start":{"line":1,"column":25},"end":{"line":1,"column":48}},"1":{"start":{"line":2,"column":15},"end":{"line":2,"column":33}},"2":{"start":{"line":3,"column":0},"end":{"line":6,"column":1}},"3":{"start":{"line":4,"column":26},"end":{"line":4,"column":47}},"4":{"start":{"line":5,"column":26},"end":{"line":5,"column":47}}},"fnMap":{"0":{"name":"(anonymous_0)","decl":{"start":{"line":4,"column":13},"end":{"line":4,"column":14}},"loc":{"start":{"line":4,"column":26},"end":{"line":4,"column":47}},"line":4},"1":{"name":"(anonymous_1)","decl":{"start":{"line":5,"column":15},"end":{"line":5,"column":16}},"loc":{"start":{"line":5,"column":26},"end":{"line":5,"column":47}},"line":5}},"branchMap":{},"s":{"0":1,"1":1,"2":1,"3":1,"4":2},"f":{"0":1,"1":2},"b":{},"_coverageSchema":"1a1c01bbd47fc00a2c39e90264f33305004495a9","hash":"b57f25c6b9ae7ed2b5fb7fc925aee38dc0e5f109"}
,"D:\\self-learn\\Golden-Anime(Server)\\helpers\\passwordHasher.js": {"path":"D:\\self-learn\\Golden-Anime(Server)\\helpers\\passwordHasher.js","statementMap":{"0":{"start":{"line":1,"column":34},"end":{"line":1,"column":53}},"1":{"start":{"line":2,"column":0},"end":{"line":5,"column":1}},"2":{"start":{"line":3,"column":36},"end":{"line":3,"column":64}},"3":{"start":{"line":4,"column":55},"end":{"line":4,"column":98}}},"fnMap":{"0":{"name":"(anonymous_0)","decl":{"start":{"line":3,"column":16},"end":{"line":3,"column":17}},"loc":{"start":{"line":3,"column":36},"end":{"line":3,"column":64}},"line":3},"1":{"name":"(anonymous_1)","decl":{"start":{"line":4,"column":19},"end":{"line":4,"column":20}},"loc":{"start":{"line":4,"column":55},"end":{"line":4,"column":98}},"line":4}},"branchMap":{},"s":{"0":1,"1":1,"2":2,"3":2},"f":{"0":2,"1":2},"b":{},"_coverageSchema":"1a1c01bbd47fc00a2c39e90264f33305004495a9","hash":"0db1e534217b6a5324c53e63b3ba07f56d00e425"}
,"D:\\self-learn\\Golden-Anime(Server)\\middlewares\\auth.js": {"path":"D:\\self-learn\\Golden-Anime(Server)\\middlewares\\auth.js","statementMap":{"0":{"start":{"line":1,"column":24},"end":{"line":1,"column":49}},"1":{"start":{"line":2,"column":17},"end":{"line":2,"column":37}},"2":{"start":{"line":4,"column":2},"end":{"line":29,"column":3}},"3":{"start":{"line":5,"column":29},"end":{"line":5,"column":40}},"4":{"start":{"line":6,"column":4},"end":{"line":11,"column":5}},"5":{"start":{"line":7,"column":4},"end":{"line":10,"column":5}},"6":{"start":{"line":12,"column":20},"end":{"line":12,"column":45}},"7":{"start":{"line":13,"column":15},"end":{"line":15,"column":6}},"8":{"start":{"line":16,"column":4},"end":{"line":21,"column":5}},"9":{"start":{"line":17,"column":6},"end":{"line":20,"column":7}},"10":{"start":{"line":22,"column":4},"end":{"line":25,"column":5}},"11":{"start":{"line":26,"column":4},"end":{"line":26,"column":10}},"12":{"start":{"line":28,"column":4},"end":{"line":28,"column":11}},"13":{"start":{"line":32,"column":0},"end":{"line":34,"column":1}}},"fnMap":{"0":{"name":"authentication","decl":{"start":{"line":3,"column":15},"end":{"line":3,"column":29}},"loc":{"start":{"line":3,"column":47},"end":{"line":30,"column":1}},"line":3}},"branchMap":{"0":{"loc":{"start":{"line":6,"column":4},"end":{"line":11,"column":5}},"type":"if","locations":[{"start":{"line":6,"column":4},"end":{"line":11,"column":5}},{"start":{},"end":{}}],"line":6},"1":{"loc":{"start":{"line":16,"column":4},"end":{"line":21,"column":5}},"type":"if","locations":[{"start":{"line":16,"column":4},"end":{"line":21,"column":5}},{"start":{},"end":{}}],"line":16}},"s":{"0":1,"1":1,"2":3,"3":3,"4":3,"5":1,"6":2,"7":1,"8":1,"9":0,"10":1,"11":1,"12":2,"13":1},"f":{"0":3},"b":{"0":[1,2],"1":[0,1]},"_coverageSchema":"1a1c01bbd47fc00a2c39e90264f33305004495a9","hash":"cbd829ea2d18c70100aaaf595e9af06a36b723fc"}
,"D:\\self-learn\\Golden-Anime(Server)\\middlewares\\errorHandler.js": {"path":"D:\\self-learn\\Golden-Anime(Server)\\middlewares\\errorHandler.js","statementMap":{"0":{"start":{"line":1,"column":0},"end":{"line":35,"column":1}},"1":{"start":{"line":2,"column":15},"end":{"line":2,"column":18}},"2":{"start":{"line":3,"column":16},"end":{"line":3,"column":39}},"3":{"start":{"line":5,"column":2},"end":{"line":5,"column":18}},"4":{"start":{"line":7,"column":2},"end":{"line":32,"column":3}},"5":{"start":{"line":9,"column":6},"end":{"line":9,"column":18}},"6":{"start":{"line":10,"column":6},"end":{"line":10,"column":37}},"7":{"start":{"line":11,"column":6},"end":{"line":11,"column":11}},"8":{"start":{"line":13,"column":6},"end":{"line":13,"column":18}},"9":{"start":{"line":14,"column":6},"end":{"line":14,"column":57}},"10":{"start":{"line":14,"column":36},"end":{"line":14,"column":45}},"11":{"start":{"line":15,"column":6},"end":{"line":15,"column":11}},"12":{"start":{"line":19,"column":6},"end":{"line":19,"column":18}},"13":{"start":{"line":20,"column":6},"end":{"line":20,"column":23}},"14":{"start":{"line":21,"column":6},"end":{"line":21,"column":11}},"15":{"start":{"line":23,"column":6},"end":{"line":23,"column":18}},"16":{"start":{"line":24,"column":6},"end":{"line":24,"column":30}},"17":{"start":{"line":25,"column":6},"end":{"line":25,"column":11}},"18":{"start":{"line":27,"column":6},"end":{"line":27,"column":18}},"19":{"start":{"line":28,"column":6},"end":{"line":28,"column":23}},"20":{"start":{"line":29,"column":6},"end":{"line":29,"column":11}},"21":{"start":{"line":31,"column":6},"end":{"line":31,"column":11}},"22":{"start":{"line":34,"column":2},"end":{"line":34,"column":36}}},"fnMap":{"0":{"name":"errorHandler","decl":{"start":{"line":1,"column":26},"end":{"line":1,"column":38}},"loc":{"start":{"line":1,"column":61},"end":{"line":35,"column":1}},"line":1},"1":{"name":"(anonymous_1)","decl":{"start":{"line":14,"column":31},"end":{"line":14,"column":32}},"loc":{"start":{"line":14,"column":36},"end":{"line":14,"column":45}},"line":14}},"branchMap":{"0":{"loc":{"start":{"line":7,"column":2},"end":{"line":32,"column":3}},"type":"switch","locations":[{"start":{"line":8,"column":4},"end":{"line":11,"column":11}},{"start":{"line":12,"column":4},"end":{"line":15,"column":11}},{"start":{"line":16,"column":4},"end":{"line":16,"column":30}},{"start":{"line":17,"column":4},"end":{"line":17,"column":25}},{"start":{"line":18,"column":4},"end":{"line":21,"column":11}},{"start":{"line":22,"column":4},"end":{"line":25,"column":11}},{"start":{"line":26,"column":4},"end":{"line":29,"column":11}},{"start":{"line":30,"column":4},"end":{"line":31,"column":11}}],"line":7}},"s":{"0":1,"1":19,"2":19,"3":19,"4":19,"5":1,"6":1,"7":1,"8":10,"9":10,"10":18,"11":10,"12":3,"13":3,"14":3,"15":1,"16":1,"17":1,"18":4,"19":4,"20":4,"21":0,"22":19},"f":{"0":19,"1":18},"b":{"0":[1,10,1,2,3,1,4,0]},"_coverageSchema":"1a1c01bbd47fc00a2c39e90264f33305004495a9","hash":"14805ae25968993ab7900b691e4aceec6e3ca5b8"}
,"D:\\self-learn\\Golden-Anime(Server)\\models\\index.js": {"path":"D:\\self-learn\\Golden-Anime(Server)\\models\\index.js","statementMap":{"0":{"start":{"line":3,"column":11},"end":{"line":3,"column":24}},"1":{"start":{"line":4,"column":13},"end":{"line":4,"column":28}},"2":{"start":{"line":5,"column":18},"end":{"line":5,"column":38}},"3":{"start":{"line":6,"column":17},"end":{"line":6,"column":42}},"4":{"start":{"line":7,"column":12},"end":{"line":7,"column":49}},"5":{"start":{"line":8,"column":15},"end":{"line":8,"column":65}},"6":{"start":{"line":9,"column":11},"end":{"line":9,"column":13}},"7":{"start":{"line":12,"column":0},"end":{"line":16,"column":1}},"8":{"start":{"line":13,"column":2},"end":{"line":13,"column":74}},"9":{"start":{"line":15,"column":2},"end":{"line":15,"column":87}},"10":{"start":{"line":18,"column":0},"end":{"line":26,"column":5}},"11":{"start":{"line":21,"column":4},"end":{"line":21,"column":90}},"12":{"start":{"line":24,"column":18},"end":{"line":24,"column":85}},"13":{"start":{"line":25,"column":4},"end":{"line":25,"column":27}},"14":{"start":{"line":28,"column":0},"end":{"line":32,"column":3}},"15":{"start":{"line":29,"column":2},"end":{"line":31,"column":3}},"16":{"start":{"line":30,"column":4},"end":{"line":30,"column":32}},"17":{"start":{"line":34,"column":0},"end":{"line":34,"column":25}},"18":{"start":{"line":35,"column":0},"end":{"line":35,"column":25}},"19":{"start":{"line":37,"column":0},"end":{"line":37,"column":20}}},"fnMap":{"0":{"name":"(anonymous_0)","decl":{"start":{"line":20,"column":10},"end":{"line":20,"column":11}},"loc":{"start":{"line":20,"column":18},"end":{"line":22,"column":3}},"line":20},"1":{"name":"(anonymous_1)","decl":{"start":{"line":23,"column":11},"end":{"line":23,"column":12}},"loc":{"start":{"line":23,"column":19},"end":{"line":26,"column":3}},"line":23},"2":{"name":"(anonymous_2)","decl":{"start":{"line":28,"column":24},"end":{"line":28,"column":25}},"loc":{"start":{"line":28,"column":37},"end":{"line":32,"column":1}},"line":28}},"branchMap":{"0":{"loc":{"start":{"line":7,"column":12},"end":{"line":7,"column":49}},"type":"binary-expr","locations":[{"start":{"line":7,"column":12},"end":{"line":7,"column":32}},{"start":{"line":7,"column":36},"end":{"line":7,"column":49}}],"line":7},"1":{"loc":{"start":{"line":12,"column":0},"end":{"line":16,"column":1}},"type":"if","locations":[{"start":{"line":12,"column":0},"end":{"line":16,"column":1}},{"start":{"line":14,"column":7},"end":{"line":16,"column":1}}],"line":12},"2":{"loc":{"start":{"line":21,"column":11},"end":{"line":21,"column":89}},"type":"binary-expr","locations":[{"start":{"line":21,"column":12},"end":{"line":21,"column":35}},{"start":{"line":21,"column":41},"end":{"line":21,"column":58}},{"start":{"line":21,"column":64},"end":{"line":21,"column":88}}],"line":21},"3":{"loc":{"start":{"line":29,"column":2},"end":{"line":31,"column":3}},"type":"if","locations":[{"start":{"line":29,"column":2},"end":{"line":31,"column":3}},{"start":{},"end":{}}],"line":29}},"s":{"0":1,"1":1,"2":1,"3":1,"4":1,"5":1,"6":1,"7":1,"8":0,"9":1,"10":1,"11":2,"12":1,"13":1,"14":1,"15":1,"16":1,"17":1,"18":1,"19":1},"f":{"0":2,"1":1,"2":1},"b":{"0":[1,0],"1":[0,1],"2":[2,2,1],"3":[1,0]},"_coverageSchema":"1a1c01bbd47fc00a2c39e90264f33305004495a9","hash":"c355618a14163f2a1124feb4185977179d2d5253"}
,"D:\\self-learn\\Golden-Anime(Server)\\models\\user.js": {"path":"D:\\self-learn\\Golden-Anime(Server)\\models\\user.js","statementMap":{"0":{"start":{"line":4,"column":4},"end":{"line":4,"column":24}},"1":{"start":{"line":5,"column":25},"end":{"line":5,"column":61}},"2":{"start":{"line":6,"column":0},"end":{"line":65,"column":2}},"3":{"start":{"line":17,"column":2},"end":{"line":63,"column":5}},"4":{"start":{"line":42,"column":10},"end":{"line":44,"column":11}},"5":{"start":{"line":43,"column":12},"end":{"line":43,"column":71}},"6":{"start":{"line":58,"column":8},"end":{"line":58,"column":51}},"7":{"start":{"line":64,"column":2},"end":{"line":64,"column":14}}},"fnMap":{"0":{"name":"(anonymous_0)","decl":{"start":{"line":6,"column":17},"end":{"line":6,"column":18}},"loc":{"start":{"line":6,"column":43},"end":{"line":65,"column":1}},"line":6},"1":{"name":"(anonymous_1)","decl":{"start":{"line":13,"column":4},"end":{"line":13,"column":5}},"loc":{"start":{"line":13,"column":29},"end":{"line":15,"column":5}},"line":13},"2":{"name":"(anonymous_2)","decl":{"start":{"line":41,"column":24},"end":{"line":41,"column":25}},"loc":{"start":{"line":41,"column":31},"end":{"line":45,"column":9}},"line":41},"3":{"name":"(anonymous_3)","decl":{"start":{"line":57,"column":20},"end":{"line":57,"column":21}},"loc":{"start":{"line":57,"column":30},"end":{"line":59,"column":7}},"line":57}},"branchMap":{"0":{"loc":{"start":{"line":42,"column":10},"end":{"line":44,"column":11}},"type":"if","locations":[{"start":{"line":42,"column":10},"end":{"line":44,"column":11}},{"start":{},"end":{}}],"line":42}},"s":{"0":1,"1":1,"2":1,"3":1,"4":10,"5":3,"6":2,"7":1},"f":{"0":1,"1":1,"2":10,"3":2},"b":{"0":[3,7]},"_coverageSchema":"1a1c01bbd47fc00a2c39e90264f33305004495a9","hash":"0f69fd8d50c8517f1a926a1093e71fb716304457"}
,"D:\\self-learn\\Golden-Anime(Server)\\routes\\index.js": {"path":"D:\\self-learn\\Golden-Anime(Server)\\routes\\index.js","statementMap":{"0":{"start":{"line":1,"column":16},"end":{"line":1,"column":34}},"1":{"start":{"line":2,"column":15},"end":{"line":2,"column":31}},"2":{"start":{"line":3,"column":20},"end":{"line":3,"column":38}},"3":{"start":{"line":5,"column":0},"end":{"line":5,"column":33}},"4":{"start":{"line":7,"column":0},"end":{"line":7,"column":23}}},"fnMap":{},"branchMap":{},"s":{"0":1,"1":1,"2":1,"3":1,"4":1},"f":{},"b":{},"_coverageSchema":"1a1c01bbd47fc00a2c39e90264f33305004495a9","hash":"1ffd7eb9c8c430612f6875acf0ff6efd9139b637"}
,"D:\\self-learn\\Golden-Anime(Server)\\routes\\users.js": {"path":"D:\\self-learn\\Golden-Anime(Server)\\routes\\users.js","statementMap":{"0":{"start":{"line":1,"column":16},"end":{"line":1,"column":34}},"1":{"start":{"line":2,"column":15},"end":{"line":2,"column":31}},"2":{"start":{"line":3,"column":40},"end":{"line":3,"column":65}},"3":{"start":{"line":4,"column":27},"end":{"line":4,"column":57}},"4":{"start":{"line":6,"column":0},"end":{"line":6,"column":45}},"5":{"start":{"line":7,"column":0},"end":{"line":7,"column":39}},"6":{"start":{"line":8,"column":0},"end":{"line":8,"column":60}},"7":{"start":{"line":10,"column":0},"end":{"line":10,"column":23}}},"fnMap":{},"branchMap":{},"s":{"0":1,"1":1,"2":1,"3":1,"4":1,"5":1,"6":1,"7":1},"f":{},"b":{},"_coverageSchema":"1a1c01bbd47fc00a2c39e90264f33305004495a9","hash":"4db5cfd8acdd7efe1af6ed4c9c0ca5a5830a742a"}
}
