TN:
SF:app.js
FNF:0
FNH:0
DA:1,1
DA:2,1
DA:3,1
DA:4,1
DA:5,1
DA:6,1
DA:8,1
DA:9,1
DA:10,1
DA:11,1
DA:12,1
DA:14,1
LF:12
LH:12
BRF:0
BRH:0
end_of_record
TN:
SF:controllers\index.js
FNF:0
FNH:0
DA:1,1
DA:2,1
LF:2
LH:2
BRF:0
BRH:0
end_of_record
TN:
SF:controllers\users.js
FN:5,(anonymous_0)
FN:26,(anonymous_1)
FN:29,(anonymous_2)
FN:34,(anonymous_3)
FN:69,(anonymous_4)
FNF:5
FNH:5
FNDA:12,(anonymous_0)
FNDA:7,(anonymous_1)
FNDA:14,(anonymous_2)
FNDA:4,(anonymous_3)
FNDA:1,(anonymous_4)
DA:1,1
DA:2,1
DA:3,1
DA:4,1
DA:6,12
DA:13,12
DA:14,12
DA:15,1
DA:20,1
DA:22,11
DA:27,7
DA:28,7
DA:29,14
DA:31,7
DA:32,4
DA:34,4
DA:38,3
DA:39,3
DA:43,3
DA:44,1
DA:50,2
DA:51,1
DA:57,1
DA:63,1
DA:65,6
DA:70,1
DA:71,1
DA:72,1
DA:76,1
DA:78,0
LF:30
LH:29
BRDA:31,0,0,4
BRDA:31,0,1,3
BRDA:43,1,0,1
BRDA:43,1,1,2
BRDA:50,2,0,1
BRDA:50,2,1,1
BRF:6
BRH:6
end_of_record
TN:
SF:helpers\jwt.js
FN:4,(anonymous_0)
FN:5,(anonymous_1)
FNF:2
FNH:2
FNDA:1,(anonymous_0)
FNDA:2,(anonymous_1)
DA:1,1
DA:2,1
DA:3,1
DA:4,1
DA:5,2
LF:5
LH:5
BRF:0
BRH:0
end_of_record
TN:
SF:helpers\passwordHasher.js
FN:3,(anonymous_0)
FN:4,(anonymous_1)
FNF:2
FNH:2
FNDA:2,(anonymous_0)
FNDA:2,(anonymous_1)
DA:1,1
DA:2,1
DA:3,2
DA:4,2
LF:4
LH:4
BRF:0
BRH:0
end_of_record
TN:
SF:middlewares\auth.js
FN:3,authentication
FNF:1
FNH:1
FNDA:3,authentication
DA:1,1
DA:2,1
DA:4,3
DA:5,3
DA:6,3
DA:7,1
DA:12,2
DA:13,1
DA:16,1
DA:17,0
DA:22,1
DA:26,1
DA:28,2
DA:32,1
LF:14
LH:13
BRDA:6,0,0,1
BRDA:6,0,1,2
BRDA:16,1,0,0
BRDA:16,1,1,1
BRF:4
BRH:3
end_of_record
TN:
SF:middlewares\errorHandler.js
FN:1,errorHandler
FN:14,(anonymous_1)
FNF:2
FNH:2
FNDA:19,errorHandler
FNDA:18,(anonymous_1)
DA:1,1
DA:2,19
DA:3,19
DA:5,19
DA:7,19
DA:9,1
DA:10,1
DA:11,1
DA:13,10
DA:14,18
DA:15,10
DA:19,3
DA:20,3
DA:21,3
DA:23,1
DA:24,1
DA:25,1
DA:27,4
DA:28,4
DA:29,4
DA:31,0
DA:34,19
LF:22
LH:21
BRDA:7,0,0,1
BRDA:7,0,1,10
BRDA:7,0,2,1
BRDA:7,0,3,2
BRDA:7,0,4,3
BRDA:7,0,5,1
BRDA:7,0,6,4
BRDA:7,0,7,0
BRF:8
BRH:7
end_of_record
TN:
SF:models\index.js
FN:20,(anonymous_0)
FN:23,(anonymous_1)
FN:28,(anonymous_2)
FNF:3
FNH:3
FNDA:2,(anonymous_0)
FNDA:1,(anonymous_1)
FNDA:1,(anonymous_2)
DA:3,1
DA:4,1
DA:5,1
DA:6,1
DA:7,1
DA:8,1
DA:9,1
DA:12,1
DA:13,0
DA:15,1
DA:18,1
DA:21,2
DA:24,1
DA:25,1
DA:28,1
DA:29,1
DA:30,1
DA:34,1
DA:35,1
DA:37,1
LF:20
LH:19
BRDA:7,0,0,1
BRDA:7,0,1,0
BRDA:12,1,0,0
BRDA:12,1,1,1
BRDA:21,2,0,2
BRDA:21,2,1,2
BRDA:21,2,2,1
BRDA:29,3,0,1
BRDA:29,3,1,0
BRF:9
BRH:6
end_of_record
TN:
SF:models\user.js
FN:6,(anonymous_0)
FN:13,(anonymous_1)
FN:41,(anonymous_2)
FN:57,(anonymous_3)
FNF:4
FNH:4
FNDA:1,(anonymous_0)
FNDA:1,(anonymous_1)
FNDA:10,(anonymous_2)
FNDA:2,(anonymous_3)
DA:4,1
DA:5,1
DA:6,1
DA:17,1
DA:42,10
DA:43,3
DA:58,2
DA:64,1
LF:8
LH:8
BRDA:42,0,0,3
BRDA:42,0,1,7
BRF:2
BRH:2
end_of_record
TN:
SF:routes\index.js
FNF:0
FNH:0
DA:1,1
DA:2,1
DA:3,1
DA:5,1
DA:7,1
LF:5
LH:5
BRF:0
BRH:0
end_of_record
TN:
SF:routes\users.js
FNF:0
FNH:0
DA:1,1
DA:2,1
DA:3,1
DA:4,1
DA:6,1
DA:7,1
DA:8,1
DA:10,1
LF:8
LH:8
BRF:0
BRH:0
end_of_record
